Arguments: 
  /home/andrei/.nvm/versions/node/v17.6.0/bin/node /home/andrei/.nvm/versions/node/v17.6.0/bin/yarn add popperjs

PATH: 
  /home/linuxbrew/.linuxbrew/bin:/home/linuxbrew/.linuxbrew/sbin:/home/andrei/google-cloud-sdk/bin:/home/andrei/.nvm/versions/node/v17.6.0/bin:/home/andrei/.rbenv/shims:/usr/local/sbin:/usr/local/bin:/usr/sbin:/usr/bin:/sbin:/bin:/usr/games:/usr/local/games:/usr/lib/wsl/lib:/mnt/c/Windows/system32:/mnt/c/Windows:/mnt/c/Windows/System32/Wbem:/mnt/c/Windows/System32/WindowsPowerShell/v1.0/:/mnt/c/Windows/System32/OpenSSH/:/mnt/c/Program Files/Docker/Docker/resources/bin:/mnt/c/ProgramData/DockerDesktop/version-bin:/mnt/c/Users/Andrei Calin/AppData/Local/Microsoft/WindowsApps:/mnt/c/Users/Andrei Calin/AppData/Local/Programs/Microsoft VS Code/bin:/mnt/c/Program Files/JetBrains/RubyMine 2021.3.3/bin:/mnt/c/Users/Andrei Calin/AppData/Local/Google/Cloud SDK/google-cloud-sdk/bin:/home/andrei/fmi/licenta/app/node_modules/.bin:/snap/bin

Yarn version: 
  1.22.17

Node version: 
  17.6.0

Platform: 
  linux x64

Trace: 
  Error: https://registry.yarnpkg.com/popperjs: Not found
      at Request.params.callback [as _callback] (/home/andrei/.nvm/versions/node/v17.6.0/lib/node_modules/yarn/lib/cli.js:67029:18)
      at Request.self.callback (/home/andrei/.nvm/versions/node/v17.6.0/lib/node_modules/yarn/lib/cli.js:140883:22)
      at Request.emit (node:events:527:28)
      at Request.<anonymous> (/home/andrei/.nvm/versions/node/v17.6.0/lib/node_modules/yarn/lib/cli.js:141855:10)
      at Request.emit (node:events:527:28)
      at IncomingMessage.<anonymous> (/home/andrei/.nvm/versions/node/v17.6.0/lib/node_modules/yarn/lib/cli.js:141777:12)
      at Object.onceWrapper (node:events:641:28)
      at IncomingMessage.emit (node:events:539:35)
      at endReadableNT (node:internal/streams/readable:1342:12)
      at processTicksAndRejections (node:internal/process/task_queues:83:21)

npm manifest: 
  {
    "dependencies": {
      "bootstrap": "^5.1.3"
    }
  }

yarn manifest: 
  No manifest

Lockfile: 
  # THIS IS AN AUTOGENERATED FILE. DO NOT EDIT THIS FILE DIRECTLY.
  # yarn lockfile v1
  
  
  bootstrap@^5.1.3:
    version "5.1.3"
    resolved "https://registry.yarnpkg.com/bootstrap/-/bootstrap-5.1.3.tgz#ba081b0c130f810fa70900acbc1c6d3c28fa8f34"
    integrity sha512-fcQztozJ8jToQWXxVuEyXWW+dSo8AiXWKwiSSrKWsRB/Qt+Ewwza+JWoLKiTuQLaEPhdNAJ7+Dosc9DOIqNy7Q==
